This file contains any messages produced by compilers while
running configure, to aid debugging if configure makes a mistake.

It was created by gtkwave configure 3.3.113, which was
generated by GNU Autoconf 2.69.  Invocation command line was

  $ ./configure 

## --------- ##
## Platform. ##
## --------- ##

hostname = stealth
uname -m = x86_64
uname -r = 5.15.78-1-MANJARO
uname -s = Linux
uname -v = #1 SMP PREEMPT Thu Nov 10 20:50:09 UTC 2022

/usr/bin/uname -p = unknown
/bin/uname -X     = unknown

/bin/arch              = unknown
/usr/bin/arch -k       = unknown
/usr/convex/getsysinfo = unknown
/usr/bin/hostinfo      = unknown
/bin/machine           = unknown
/usr/bin/oslevel       = unknown
/bin/universe          = unknown

PATH: /home/shell0/anaconda3/bin
PATH: /home/shell0/anaconda3/condabin
PATH: /home/shell0/.local/bin
PATH: /usr/local/sbin
PATH: /usr/local/bin
PATH: /usr/bin
PATH: /usr/lib/jvm/default/bin
PATH: /usr/bin/site_perl
PATH: /usr/bin/vendor_perl
PATH: /usr/bin/core_perl
PATH: /var/lib/snapd/snap/bin


## ----------- ##
## Core tests. ##
## ----------- ##

configure:2674: checking for a BSD-compatible install
configure:2742: result: /usr/bin/install -c
configure:2753: checking whether build environment is sane
configure:2808: result: yes
configure:2959: checking for a thread-safe mkdir -p
configure:2998: result: /usr/bin/mkdir -p
configure:3005: checking for gawk
configure:3021: found /usr/bin/gawk
configure:3032: result: gawk
configure:3043: checking whether make sets $(MAKE)
configure:3065: result: yes
configure:3094: checking whether make supports nested variables
configure:3111: result: yes
configure:3198: checking whether to enable maintainer-specific portions of Makefiles
configure:3207: result: no
configure:3272: checking if MIME and desktop updates should be disabled
configure:3294: result: no
configure:3300: checking for update-mime-database
configure:3318: found /usr/bin/update-mime-database
configure:3331: result: /usr/bin/update-mime-database
configure:3341: checking for update-desktop-database
configure:3359: found /usr/bin/update-desktop-database
configure:3372: result: /usr/bin/update-desktop-database
configure:3412: checking if structure packing should be enabled
configure:3427: result: no
configure:3433: checking if Tcl usage should be disabled
configure:3455: result: no
configure:3476: checking for Tcl configuration
configure:3576: result: found /usr/lib/tclConfig.sh
configure:3588: checking for existence of /usr/lib/tclConfig.sh
configure:3592: result: loading
configure:3691: checking for Tk configuration
configure:3787: error: Can't find Tk configuration definitions. Use --with-tk to specify a directory containing tkConfig.sh

## ---------------- ##
## Cache variables. ##
## ---------------- ##

ac_cv_c_tclconfig=/usr/lib
ac_cv_env_CCC_set=
ac_cv_env_CCC_value=
ac_cv_env_CC_set=
ac_cv_env_CC_value=
ac_cv_env_CFLAGS_set=
ac_cv_env_CFLAGS_value=
ac_cv_env_CPPFLAGS_set=
ac_cv_env_CPPFLAGS_value=
ac_cv_env_CPP_set=
ac_cv_env_CPP_value=
ac_cv_env_CXXFLAGS_set=
ac_cv_env_CXXFLAGS_value=
ac_cv_env_CXX_set=
ac_cv_env_CXX_value=
ac_cv_env_GCONF_CFLAGS_set=
ac_cv_env_GCONF_CFLAGS_value=
ac_cv_env_GCONF_LIBS_set=
ac_cv_env_GCONF_LIBS_value=
ac_cv_env_GIO_CFLAGS_set=
ac_cv_env_GIO_CFLAGS_value=
ac_cv_env_GIO_LIBS_set=
ac_cv_env_GIO_LIBS_value=
ac_cv_env_GTK_CFLAGS_set=
ac_cv_env_GTK_CFLAGS_value=
ac_cv_env_GTK_LIBS_set=
ac_cv_env_GTK_LIBS_value=
ac_cv_env_GTK_MAC_CFLAGS_set=
ac_cv_env_GTK_MAC_CFLAGS_value=
ac_cv_env_GTK_MAC_LIBS_set=
ac_cv_env_GTK_MAC_LIBS_value=
ac_cv_env_GTK_UNIX_PRINT_CFLAGS_set=
ac_cv_env_GTK_UNIX_PRINT_CFLAGS_value=
ac_cv_env_GTK_UNIX_PRINT_LIBS_set=
ac_cv_env_GTK_UNIX_PRINT_LIBS_value=
ac_cv_env_LDFLAGS_set=
ac_cv_env_LDFLAGS_value=
ac_cv_env_LIBS_set=
ac_cv_env_LIBS_value=
ac_cv_env_PKG_CONFIG_LIBDIR_set=
ac_cv_env_PKG_CONFIG_LIBDIR_value=
ac_cv_env_PKG_CONFIG_PATH_set=
ac_cv_env_PKG_CONFIG_PATH_value=
ac_cv_env_PKG_CONFIG_set=
ac_cv_env_PKG_CONFIG_value=
ac_cv_env_TIRPC_CFLAGS_set=
ac_cv_env_TIRPC_CFLAGS_value=
ac_cv_env_TIRPC_LIBS_set=
ac_cv_env_TIRPC_LIBS_value=
ac_cv_env_build_alias_set=
ac_cv_env_build_alias_value=
ac_cv_env_host_alias_set=
ac_cv_env_host_alias_value=
ac_cv_env_target_alias_set=
ac_cv_env_target_alias_value=
ac_cv_path_UPDATE_DESKTOP_DATABASE=/usr/bin/update-desktop-database
ac_cv_path_UPDATE_MIME_DATABASE=/usr/bin/update-mime-database
ac_cv_path_install='/usr/bin/install -c'
ac_cv_path_mkdir=/usr/bin/mkdir
ac_cv_prog_AWK=gawk
ac_cv_prog_make_make_set=yes
am_cv_make_support_nested_variables=yes

## ----------------- ##
## Output variables. ##
## ----------------- ##

ACLOCAL='${SHELL} "/home/shell0/Documents/DisenoDeSistemasLogicos/00 - Programas/gtkwave-3.3.113/missing" aclocal-1.13'
AET2_CFLAGS=''
AET2_LDADD=''
ALLOCA=''
AMDEPBACKSLASH=''
AMDEP_FALSE=''
AMDEP_TRUE=''
AMTAR='$${TAR-tar}'
AM_BACKSLASH='\'
AM_DEFAULT_V='$(AM_DEFAULT_VERBOSITY)'
AM_DEFAULT_VERBOSITY='1'
AM_V='$(V)'
AUTOCONF='${SHELL} "/home/shell0/Documents/DisenoDeSistemasLogicos/00 - Programas/gtkwave-3.3.113/missing" autoconf'
AUTOHEADER='${SHELL} "/home/shell0/Documents/DisenoDeSistemasLogicos/00 - Programas/gtkwave-3.3.113/missing" autoheader'
AUTOMAKE='${SHELL} "/home/shell0/Documents/DisenoDeSistemasLogicos/00 - Programas/gtkwave-3.3.113/missing" automake-1.13'
AWK='gawk'
CC=''
CCDEPMODE=''
CFLAGS=''
COCOA_GTK_CFLAGS=''
COCOA_GTK_LDADD=''
COCOA_GTK_LDFLAGS=''
CPP=''
CPPFLAGS=''
CXX=''
CXXDEPMODE=''
CXXFLAGS=''
CYGPATH_W='echo'
DEFS=''
DEPDIR=''
ECHO_C=''
ECHO_N='-n'
ECHO_T=''
EGREP=''
EXEEXT=''
EXTDEBUG2=''
EXTDEBUG3=''
EXTDEBUG4=''
EXTDEBUG=''
EXTLOAD_CFLAGS=''
FASTTREE_CFLAGS=''
FDO_MIME_FALSE='#'
FDO_MIME_TRUE=''
FSDB_CFLAGS=''
FSDB_LDADD=''
GCONF_CFLAGS=''
GCONF_LIBS=''
GEDITTEST=''
GEDIT_CFLAGS=''
GIO_CFLAGS=''
GIO_LIBS=''
GLIB_COMPILE_SCHEMAS=''
GPERF=''
GREP=''
GSETTINGS_CFLAGS=''
GSETTINGS_DISABLE_SCHEMAS_COMPILE=''
GSETTINGS_RULES=''
GTK_CFLAGS=''
GTK_CONFIG=''
GTK_LIBS=''
GTK_MAC_CFLAGS=''
GTK_MAC_LIBS=''
GTK_UNIX_PRINT_CFLAGS=''
GTK_UNIX_PRINT_LIBS=''
INSTALL_DATA='${INSTALL} -m 644'
INSTALL_PROGRAM='${INSTALL}'
INSTALL_SCRIPT='${INSTALL}'
INSTALL_STRIP_PROGRAM='$(install_sh) -c -s'
LDFLAGS=''
LEX=''
LEXLIB=''
LEX_OUTPUT_ROOT=''
LIBBZ2_CFLAGS=''
LIBBZ2_DIR=''
LIBBZ2_LDADD=''
LIBJUDY_CFLAGS=''
LIBJUDY_LDADD=''
LIBOBJS=''
LIBS=''
LIBXZ_CFLAGS=''
LIBXZ_LDADD=''
LIBZ_CFLAGS=''
LIBZ_DIR=''
LIBZ_LDADD=''
LTLIBOBJS=''
MAINT='#'
MAINTAINER_MODE_FALSE=''
MAINTAINER_MODE_TRUE='#'
MAKEINFO='${SHELL} "/home/shell0/Documents/DisenoDeSistemasLogicos/00 - Programas/gtkwave-3.3.113/missing" makeinfo'
MINGW_LDADD=''
MKDIR_P='/usr/bin/mkdir -p'
OBJEXT=''
PACKAGE='gtkwave'
PACKAGE_BUGREPORT='bybell@rocketmail.com'
PACKAGE_NAME='gtkwave'
PACKAGE_STRING='gtkwave 3.3.113'
PACKAGE_TARNAME='gtkwave'
PACKAGE_URL=''
PACKAGE_VERSION='3.3.113'
PATH_SEPARATOR=':'
PKG_CONFIG=''
PKG_CONFIG_LIBDIR=''
PKG_CONFIG_PATH=''
POW_LIB=''
RANLIB=''
RPC_CFLAGS=''
RPC_LDADD=''
SET_MAKE=''
SHELL='/bin/sh'
STRIP=''
STRUCT_PACK=''
TCL_BIN_DIR='/usr/lib'
TCL_DEFADD=''
TCL_INCLUDE_SPEC='-I/usr/include'
TCL_LDADD=''
TCL_LIB_FILE='libtcl8.6.so'
TCL_LIB_FLAG='-ltcl8.6'
TCL_LIB_SPEC='-L/usr/lib -ltcl8.6'
TCL_MAJOR_VERSION='8'
TCL_MINOR_VERSION='6'
TCL_PATCH_LEVEL='.12'
TCL_SRC_DIR='/usr/include'
TCL_STUB_LIB_FILE='libtclstub8.6.a'
TCL_STUB_LIB_FLAG='-ltclstub8.6'
TCL_STUB_LIB_SPEC='-L/usr/lib -ltclstub8.6'
TCL_VERSION='8.6'
TIRPC_CFLAGS=''
TIRPC_LIBS=''
TK_BIN_DIR='# no Tk configs found'
TK_INCLUDE_SPEC=''
TK_LDADD=''
TK_LIB_FILE=''
TK_LIB_FLAG=''
TK_LIB_SPEC=''
TK_SRC_DIR=''
TK_STUB_LIB_FILE=''
TK_STUB_LIB_FLAG=''
TK_STUB_LIB_SPEC=''
TK_VERSION=''
UPDATE_DESKTOP_DATABASE='/usr/bin/update-desktop-database'
UPDATE_MIME_DATABASE='/usr/bin/update-mime-database'
VERSION='3.3.113'
XDGDATADIR='${datadir}'
ac_ct_CC=''
ac_ct_CXX=''
am__EXEEXT_FALSE=''
am__EXEEXT_TRUE=''
am__fastdepCC_FALSE=''
am__fastdepCC_TRUE=''
am__fastdepCXX_FALSE=''
am__fastdepCXX_TRUE=''
am__include=''
am__isrc=''
am__leading_dot='.'
am__nodep=''
am__quote=''
am__tar='$${TAR-tar} chof - "$$tardir"'
am__untar='$${TAR-tar} xf -'
bindir='${exec_prefix}/bin'
build_alias=''
datadir='${datarootdir}'
datarootdir='${prefix}/share'
docdir='${datarootdir}/doc/${PACKAGE_TARNAME}'
dvidir='${docdir}'
exec_prefix='NONE'
gsettingsschemadir=''
host_alias=''
htmldir='${docdir}'
includedir='${prefix}/include'
infodir='${datarootdir}/info'
install_sh='${SHELL} '\''/home/shell0/Documents/DisenoDeSistemasLogicos/00 - Programas/gtkwave-3.3.113/install-sh'\'''
libdir='${exec_prefix}/lib'
libexecdir='${exec_prefix}/libexec'
localedir='${datarootdir}/locale'
localstatedir='${prefix}/var'
mandir='${datarootdir}/man'
mkdir_p='$(MKDIR_P)'
oldincludedir='/usr/include'
pdfdir='${docdir}'
prefix='NONE'
program_transform_name='s,x,x,'
psdir='${docdir}'
sbindir='${exec_prefix}/sbin'
sharedstatedir='${prefix}/com'
sysconfdir='${prefix}/etc'
target_alias=''

## ----------- ##
## confdefs.h. ##
## ----------- ##

/* confdefs.h */
#define PACKAGE_NAME "gtkwave"
#define PACKAGE_TARNAME "gtkwave"
#define PACKAGE_VERSION "3.3.113"
#define PACKAGE_STRING "gtkwave 3.3.113"
#define PACKAGE_BUGREPORT "bybell@rocketmail.com"
#define PACKAGE_URL ""
#define PACKAGE "gtkwave"
#define VERSION "3.3.113"

configure: exit 1
